dexatianalytics/build/intermediates/manifest_merge_blame_file/debug/manifest-merger-blame-debug-report.txt
1<?xml version="1.0" encoding="utf-8"?>
2<manifest xmlns:android="http://schemas.android.com/apk/res/android"
3    package="com.dexati.analytics" >
4
5    <uses-sdk android:minSdkVersion="24" />
6
7    <application
7-->src/main/AndroidManifest.xml:6:5-11:38
8        android:allowBackup="true"
8-->src/main/AndroidManifest.xml:7:9-35
9        android:icon="@mipmap/ic_launcher"
9-->src/main/AndroidManifest.xml:8:9-43
10        android:roundIcon="@mipmap/ic_launcher_round"
10-->src/main/AndroidManifest.xml:10:9-54
11        android:supportsRtl="true" />
11-->src/main/AndroidManifest.xml:11:9-35
12
13</manifest>